Analysis & Elaboration report for midtermProject
Wed Apr 29 20:49:44 2026
Quartus Prime Version 20.1.1 Build 720 11/11/2020 SJ Lite Edition


---------------------
; Table of Contents ;
---------------------
  1. Legal Notice
  2. Analysis & Elaboration Summary
  3. Parallel Compilation
  4. Analysis & Elaboration Settings
  5. Analysis & Elaboration Messages



----------------
; Legal Notice ;
----------------
Copyright (C) 2020  Intel Corporation. All rights reserved.
Your use of Intel Corporation's design tools, logic functions 
and other software and tools, and any partner logic 
functions, and any output files from any of the foregoing 
(including device programming or simulation files), and any 
associated documentation or information are expressly subject 
to the terms and conditions of the Intel Program License 
Subscription Agreement, the Intel Quartus Prime License Agreement,
the Intel FPGA IP License Agreement, or other applicable license
agreement, including, without limitation, that your use is for
the sole purpose of programming logic devices manufactured by
Intel and sold by Intel or its authorized distributors.  Please
refer to the applicable agreement for further details, at
https://fpgasoftware.intel.com/eula.



+-----------------------------------------------------------------------------+
; Analysis & Elaboration Summary                                              ;
+-------------------------------+---------------------------------------------+
; Analysis & Elaboration Status ; Successful - Wed Apr 29 20:49:44 2026       ;
; Quartus Prime Version         ; 20.1.1 Build 720 11/11/2020 SJ Lite Edition ;
; Revision Name                 ; midtermProject                              ;
; Top-level Entity Name         ; baseline_c5gx                               ;
; Family                        ; Cyclone V                                   ;
; Logic utilization (in ALMs)   ; N/A until Partition Merge                   ;
; Total registers               ; N/A until Partition Merge                   ;
; Total pins                    ; N/A until Partition Merge                   ;
; Total virtual pins            ; N/A until Partition Merge                   ;
; Total block memory bits       ; N/A until Partition Merge                   ;
; Total PLLs                    ; N/A until Partition Merge                   ;
; Total DLLs                    ; N/A until Partition Merge                   ;
+-------------------------------+---------------------------------------------+


+------------------------------------------+
; Parallel Compilation                     ;
+----------------------------+-------------+
; Processors                 ; Number      ;
+----------------------------+-------------+
; Number detected on machine ; 20          ;
; Maximum allowed            ; 14          ;
;                            ;             ;
; Average used               ; 1.00        ;
; Maximum used               ; 1           ;
;                            ;             ;
; Usage by Processor         ; % Time Used ;
;     Processor 1            ; 100.0%      ;
+----------------------------+-------------+


+---------------------------------------------------------------------------------------------------------------------------+
; Analysis & Elaboration Settings                                                                                           ;
+---------------------------------------------------------------------------------+--------------------+--------------------+
; Option                                                                          ; Setting            ; Default Value      ;
+---------------------------------------------------------------------------------+--------------------+--------------------+
; Device                                                                          ; 5CGXFC5C6F27C7     ;                    ;
; Top-level entity name                                                           ; baseline_c5gx      ; midtermProject     ;
; Family name                                                                     ; Cyclone V          ; Cyclone V          ;
; Use smart compilation                                                           ; Off                ; Off                ;
; Enable parallel Assembler and Timing Analyzer during compilation                ; On                 ; On                 ;
; Enable compact report table                                                     ; Off                ; Off                ;
; Restructure Multiplexers                                                        ; Auto               ; Auto               ;
; MLAB Add Timing Constraints For Mixed-Port Feed-Through Mode Setting Don't Care ; Off                ; Off                ;
; Create Debugging Nodes for IP Cores                                             ; Off                ; Off                ;
; Preserve fewer node names                                                       ; On                 ; On                 ;
; Intel FPGA IP Evaluation Mode                                                   ; Enable             ; Enable             ;
; Verilog Version                                                                 ; Verilog_2001       ; Verilog_2001       ;
; VHDL Version                                                                    ; VHDL_1993          ; VHDL_1993          ;
; State Machine Processing                                                        ; Auto               ; Auto               ;
; Safe State Machine                                                              ; Off                ; Off                ;
; Extract Verilog State Machines                                                  ; On                 ; On                 ;
; Extract VHDL State Machines                                                     ; On                 ; On                 ;
; Ignore Verilog initial constructs                                               ; Off                ; Off                ;
; Iteration limit for constant Verilog loops                                      ; 5000               ; 5000               ;
; Iteration limit for non-constant Verilog loops                                  ; 250                ; 250                ;
; Add Pass-Through Logic to Inferred RAMs                                         ; On                 ; On                 ;
; Infer RAMs from Raw Logic                                                       ; On                 ; On                 ;
; Parallel Synthesis                                                              ; On                 ; On                 ;
; DSP Block Balancing                                                             ; Auto               ; Auto               ;
; NOT Gate Push-Back                                                              ; On                 ; On                 ;
; Power-Up Don't Care                                                             ; On                 ; On                 ;
; Remove Redundant Logic Cells                                                    ; Off                ; Off                ;
; Remove Duplicate Registers                                                      ; On                 ; On                 ;
; Ignore CARRY Buffers                                                            ; Off                ; Off                ;
; Ignore CASCADE Buffers                                                          ; Off                ; Off                ;
; Ignore GLOBAL Buffers                                                           ; Off                ; Off                ;
; Ignore ROW GLOBAL Buffers                                                       ; Off                ; Off                ;
; Ignore LCELL Buffers                                                            ; Off                ; Off                ;
; Ignore SOFT Buffers                                                             ; On                 ; On                 ;
; Limit AHDL Integers to 32 Bits                                                  ; Off                ; Off                ;
; Optimization Technique                                                          ; Balanced           ; Balanced           ;
; Carry Chain Length                                                              ; 70                 ; 70                 ;
; Auto Carry Chains                                                               ; On                 ; On                 ;
; Auto Open-Drain Pins                                                            ; On                 ; On                 ;
; Perform WYSIWYG Primitive Resynthesis                                           ; Off                ; Off                ;
; Auto ROM Replacement                                                            ; On                 ; On                 ;
; Auto RAM Replacement                                                            ; On                 ; On                 ;
; Auto DSP Block Replacement                                                      ; On                 ; On                 ;
; Auto Shift Register Replacement                                                 ; Auto               ; Auto               ;
; Allow Shift Register Merging across Hierarchies                                 ; Auto               ; Auto               ;
; Auto Clock Enable Replacement                                                   ; On                 ; On                 ;
; Strict RAM Replacement                                                          ; Off                ; Off                ;
; Allow Synchronous Control Signals                                               ; On                 ; On                 ;
; Force Use of Synchronous Clear Signals                                          ; Off                ; Off                ;
; Auto Resource Sharing                                                           ; Off                ; Off                ;
; Allow Any RAM Size For Recognition                                              ; Off                ; Off                ;
; Allow Any ROM Size For Recognition                                              ; Off                ; Off                ;
; Allow Any Shift Register Size For Recognition                                   ; Off                ; Off                ;
; Use LogicLock Constraints during Resource Balancing                             ; On                 ; On                 ;
; Ignore translate_off and synthesis_off directives                               ; Off                ; Off                ;
; Timing-Driven Synthesis                                                         ; On                 ; On                 ;
; Report Parameter Settings                                                       ; On                 ; On                 ;
; Report Source Assignments                                                       ; On                 ; On                 ;
; Report Connectivity Checks                                                      ; On                 ; On                 ;
; Ignore Maximum Fan-Out Assignments                                              ; Off                ; Off                ;
; Synchronization Register Chain Length                                           ; 3                  ; 3                  ;
; Power Optimization During Synthesis                                             ; Normal compilation ; Normal compilation ;
; HDL message level                                                               ; Level2             ; Level2             ;
; Suppress Register Optimization Related Messages                                 ; Off                ; Off                ;
; Number of Removed Registers Reported in Synthesis Report                        ; 5000               ; 5000               ;
; Number of Swept Nodes Reported in Synthesis Report                              ; 5000               ; 5000               ;
; Number of Inverted Registers Reported in Synthesis Report                       ; 100                ; 100                ;
; Clock MUX Protection                                                            ; On                 ; On                 ;
; Auto Gated Clock Conversion                                                     ; Off                ; Off                ;
; Block Design Naming                                                             ; Auto               ; Auto               ;
; SDC constraint protection                                                       ; Off                ; Off                ;
; Synthesis Effort                                                                ; Auto               ; Auto               ;
; Shift Register Replacement - Allow Asynchronous Clear Signal                    ; On                 ; On                 ;
; Pre-Mapping Resynthesis Optimization                                            ; Off                ; Off                ;
; Analysis & Synthesis Message Level                                              ; Medium             ; Medium             ;
; Disable Register Merging Across Hierarchies                                     ; Auto               ; Auto               ;
; Resource Aware Inference For Block RAM                                          ; On                 ; On                 ;
; Automatic Parallel Synthesis                                                    ; On                 ; On                 ;
; Partial Reconfiguration Bitstream ID                                            ; Off                ; Off                ;
+---------------------------------------------------------------------------------+--------------------+--------------------+


+---------------------------------+
; Analysis & Elaboration Messages ;
+---------------------------------+
Info: *******************************************************************
Info: Running Quartus Prime Analysis & Elaboration
    Info: Version 20.1.1 Build 720 11/11/2020 SJ Lite Edition
    Info: Processing started: Wed Apr 29 20:49:36 2026
Info: Command: quartus_map --read_settings_files=on --write_settings_files=off midtermProject -c midtermProject --analysis_and_elaboration
Warning (18236): Number of processors has not been specified which may cause overloading on shared machines.  Set the global assignment NUM_PARALLEL_PROCESSORS in your QSF to an appropriate value for best performance.
Info (20030): Parallel compilation is enabled and will use 14 of the 14 processors detected
Info (12021): Found 1 design units, including 1 entities, in source file baseline_c5gx.v
    Info (12023): Found entity 1: baseline_c5gx File: C:/intelFPGA_lite/LABSTUFF/midterm/baseline_c5gx.v Line: 38
Info (12021): Found 1 design units, including 1 entities, in source file rom_3x8.v
    Info (12023): Found entity 1: rom_3x8 File: C:/intelFPGA_lite/LABSTUFF/midterm/rom_3x8.v Line: 1
Info (12021): Found 1 design units, including 1 entities, in source file counter.v
    Info (12023): Found entity 1: counter File: C:/intelFPGA_lite/LABSTUFF/midterm/counter.v Line: 1
Info (12021): Found 1 design units, including 1 entities, in source file reg8.v
    Info (12023): Found entity 1: reg8 File: C:/intelFPGA_lite/LABSTUFF/midterm/reg8.v Line: 1
Info (12021): Found 1 design units, including 1 entities, in source file top_module.v
    Info (12023): Found entity 1: top_module File: C:/intelFPGA_lite/LABSTUFF/midterm/top_module.v Line: 1
Info (12021): Found 1 design units, including 1 entities, in source file clock_divider.v
    Info (12023): Found entity 1: clock_divider File: C:/intelFPGA_lite/LABSTUFF/midterm/clock_divider.v Line: 1
Info (12021): Found 1 design units, including 1 entities, in source file tb_top.v
    Info (12023): Found entity 1: tb_top File: C:/intelFPGA_lite/LABSTUFF/midterm/tb_top.v Line: 2
Info (12127): Elaborating entity "baseline_c5gx" for the top level hierarchy
Warning (10034): Output port "HEX2" at baseline_c5gx.v(83) has no driver File: C:/intelFPGA_lite/LABSTUFF/midterm/baseline_c5gx.v Line: 83
Warning (10034): Output port "HEX3" at baseline_c5gx.v(86) has no driver File: C:/intelFPGA_lite/LABSTUFF/midterm/baseline_c5gx.v Line: 86
Warning (10034): Output port "HDMI_TX_D" at baseline_c5gx.v(93) has no driver File: C:/intelFPGA_lite/LABSTUFF/midterm/baseline_c5gx.v Line: 93
Warning (10034): Output port "HEX0" at baseline_c5gx.v(100) has no driver File: C:/intelFPGA_lite/LABSTUFF/midterm/baseline_c5gx.v Line: 100
Warning (10034): Output port "HEX1" at baseline_c5gx.v(103) has no driver File: C:/intelFPGA_lite/LABSTUFF/midterm/baseline_c5gx.v Line: 103
Warning (10034): Output port "HSMC_CLKOUT_n" at baseline_c5gx.v(111) has no driver File: C:/intelFPGA_lite/LABSTUFF/midterm/baseline_c5gx.v Line: 111
Warning (10034): Output port "HSMC_CLKOUT_p" at baseline_c5gx.v(112) has no driver File: C:/intelFPGA_lite/LABSTUFF/midterm/baseline_c5gx.v Line: 112
Warning (10034): Output port "LEDG" at baseline_c5gx.v(132) has no driver File: C:/intelFPGA_lite/LABSTUFF/midterm/baseline_c5gx.v Line: 132
Warning (10034): Output port "LEDR[9..8]" at baseline_c5gx.v(135) has no driver File: C:/intelFPGA_lite/LABSTUFF/midterm/baseline_c5gx.v Line: 135
Warning (10034): Output port "SRAM_A" at baseline_c5gx.v(155) has no driver File: C:/intelFPGA_lite/LABSTUFF/midterm/baseline_c5gx.v Line: 155
Warning (10034): Output port "ADC_CONVST" at baseline_c5gx.v(41) has no driver File: C:/intelFPGA_lite/LABSTUFF/midterm/baseline_c5gx.v Line: 41
Warning (10034): Output port "ADC_SCK" at baseline_c5gx.v(42) has no driver File: C:/intelFPGA_lite/LABSTUFF/midterm/baseline_c5gx.v Line: 42
Warning (10034): Output port "ADC_SDI" at baseline_c5gx.v(43) has no driver File: C:/intelFPGA_lite/LABSTUFF/midterm/baseline_c5gx.v Line: 43
Warning (10034): Output port "AUD_DACDAT" at baseline_c5gx.v(50) has no driver File: C:/intelFPGA_lite/LABSTUFF/midterm/baseline_c5gx.v Line: 50
Warning (10034): Output port "AUD_XCK" at baseline_c5gx.v(52) has no driver File: C:/intelFPGA_lite/LABSTUFF/midterm/baseline_c5gx.v Line: 52
Warning (10034): Output port "HDMI_TX_CLK" at baseline_c5gx.v(92) has no driver File: C:/intelFPGA_lite/LABSTUFF/midterm/baseline_c5gx.v Line: 92
Warning (10034): Output port "HDMI_TX_DE" at baseline_c5gx.v(94) has no driver File: C:/intelFPGA_lite/LABSTUFF/midterm/baseline_c5gx.v Line: 94
Warning (10034): Output port "HDMI_TX_HS" at baseline_c5gx.v(95) has no driver File: C:/intelFPGA_lite/LABSTUFF/midterm/baseline_c5gx.v Line: 95
Warning (10034): Output port "HDMI_TX_VS" at baseline_c5gx.v(97) has no driver File: C:/intelFPGA_lite/LABSTUFF/midterm/baseline_c5gx.v Line: 97
Warning (10034): Output port "HSMC_CLKOUT0" at baseline_c5gx.v(110) has no driver File: C:/intelFPGA_lite/LABSTUFF/midterm/baseline_c5gx.v Line: 110
Warning (10034): Output port "I2C_SCL" at baseline_c5gx.v(125) has no driver File: C:/intelFPGA_lite/LABSTUFF/midterm/baseline_c5gx.v Line: 125
Warning (10034): Output port "SD_CLK" at baseline_c5gx.v(144) has no driver File: C:/intelFPGA_lite/LABSTUFF/midterm/baseline_c5gx.v Line: 144
Warning (10034): Output port "SRAM_CE_n" at baseline_c5gx.v(156) has no driver File: C:/intelFPGA_lite/LABSTUFF/midterm/baseline_c5gx.v Line: 156
Warning (10034): Output port "SRAM_LB_n" at baseline_c5gx.v(158) has no driver File: C:/intelFPGA_lite/LABSTUFF/midterm/baseline_c5gx.v Line: 158
Warning (10034): Output port "SRAM_OE_n" at baseline_c5gx.v(159) has no driver File: C:/intelFPGA_lite/LABSTUFF/midterm/baseline_c5gx.v Line: 159
Warning (10034): Output port "SRAM_UB_n" at baseline_c5gx.v(160) has no driver File: C:/intelFPGA_lite/LABSTUFF/midterm/baseline_c5gx.v Line: 160
Warning (10034): Output port "SRAM_WE_n" at baseline_c5gx.v(161) has no driver File: C:/intelFPGA_lite/LABSTUFF/midterm/baseline_c5gx.v Line: 161
Warning (10034): Output port "UART_TX" at baseline_c5gx.v(171) has no driver File: C:/intelFPGA_lite/LABSTUFF/midterm/baseline_c5gx.v Line: 171
Info (12128): Elaborating entity "clock_divider" for hierarchy "clock_divider:cd" File: C:/intelFPGA_lite/LABSTUFF/midterm/baseline_c5gx.v Line: 179
Warning (10230): Verilog HDL assignment warning at clock_divider.v(14): truncated value with size 32 to match size of target (26) File: C:/intelFPGA_lite/LABSTUFF/midterm/clock_divider.v Line: 14
Info (12128): Elaborating entity "top_module" for hierarchy "top_module:uut" File: C:/intelFPGA_lite/LABSTUFF/midterm/baseline_c5gx.v Line: 186
Info (12128): Elaborating entity "counter" for hierarchy "top_module:uut|counter:c1" File: C:/intelFPGA_lite/LABSTUFF/midterm/top_module.v Line: 15
Warning (10230): Verilog HDL assignment warning at counter.v(12): truncated value with size 32 to match size of target (3) File: C:/intelFPGA_lite/LABSTUFF/midterm/counter.v Line: 12
Info (12128): Elaborating entity "rom_3x8" for hierarchy "top_module:uut|rom_3x8:r1" File: C:/intelFPGA_lite/LABSTUFF/midterm/top_module.v Line: 21
Info (12128): Elaborating entity "reg8" for hierarchy "top_module:uut|reg8:r2" File: C:/intelFPGA_lite/LABSTUFF/midterm/top_module.v Line: 31
Info: Quartus Prime Analysis & Elaboration was successful. 0 errors, 31 warnings
    Info: Peak virtual memory: 4788 megabytes
    Info: Processing ended: Wed Apr 29 20:49:44 2026
    Info: Elapsed time: 00:00:08
    Info: Total CPU time (on all processors): 00:00:23


